C51 COMPILER V9.60.0.0   DS18B20                                                           09/04/2022 23:16:16 PAGE 1   


C51 COMPILER V9.60.0.0, COMPILATION OF MODULE DS18B20
OBJECT MODULE PLACED IN .\Objects\DS18B20.obj
COMPILER INVOKED BY: D:\software\KEIL STC\C51\C51\BIN\C51.EXE DS18B20.c OPTIMIZE(8,SPEED) BROWSE DEBUG OBJECTEXTEND PRIN
                    -T(.\Listings\DS18B20.lst) TABS(2) OBJECT(.\Objects\DS18B20.obj)

line level    source

   1          #include <REG52.H>
   2          #include "OneWire.h"
   3          
   4          //DS18B20指令
   5          #define DS18B20_SKIP_ROM      0xCC
   6          #define DS18B20_CONVERT_T     0x44
   7          #define DS18B20_READ_SCRATCHPAD   0xBE
   8          
   9          /**
  10            * @brief  DS18B20开始温度变换
  11            * @param  无
  12            * @retval 无
  13            */
  14          void DS18B20_ConvertT(void)
  15          {
  16   1        OneWire_Init();
  17   1        OneWire_SendByte(DS18B20_SKIP_ROM);
  18   1        OneWire_SendByte(DS18B20_CONVERT_T);//开始从环境中采集温度
  19   1      }
  20          
  21          float DS18B20_ReadT(void)
  22          {
  23   1        unsigned char TLSB,TMSB;
  24   1        int Temp;
  25   1        float T;
  26   1        OneWire_Init();
  27   1        OneWire_SendByte(DS18B20_SKIP_ROM);
  28   1        OneWire_SendByte(DS18B20_READ_SCRATCHPAD);//从SCRATCHPAD寄存器的两个存储区域内读取环境中
             -测得的温度
  29   1        TLSB=OneWire_ReceiveByte();//接收低八位字节温度
  30   1        TMSB=OneWire_ReceiveByte();//接收高八位字节温度（前五位为正负号）
  31   1        Temp=(TMSB<<8)|TLSB;
  32   1        T=Temp/16.0;//乘上0.625表示真实的温度，DS18B20里的分度值是0.625
  33   1        return T;
  34   1      }


MODULE INFORMATION:   STATIC OVERLAYABLE
   CODE SIZE        =     56    ----
   CONSTANT SIZE    =   ----    ----
   XDATA SIZE       =   ----    ----
   PDATA SIZE       =   ----    ----
   DATA SIZE        =   ----       1
   IDATA SIZE       =   ----    ----
   BIT SIZE         =   ----    ----
END OF MODULE INFORMATION.


C51 COMPILATION COMPLETE.  0 WARNING(S),  0 ERROR(S)
