C51 COMPILER V9.60.0.0   MAIN                                                              09/07/2022 14:40:20 PAGE 1   


C51 COMPILER V9.60.0.0, COMPILATION OF MODULE MAIN
OBJECT MODULE PLACED IN .\Objects\main.obj
COMPILER INVOKED BY: D:\software\KEIL STC\C51\C51\BIN\C51.EXE main.c OPTIMIZE(8,SPEED) BROWSE DEBUG OBJECTEXTEND PRINT(.
                    -\Listings\main.lst) TABS(2) OBJECT(.\Objects\main.obj)

line level    source

   1          #include <REGX52.H>
   2          #include "Delay.h"
   3          #include "Key.h"
   4          #include "Nixie.h"
   5          #include "Motor.h"
   6          #include "IR.h"
   7          #include "LCD1602.h"
   8          #include "DS18B20.h"
   9          float T;
  10          unsigned char Command,Speed;
  11          
  12          void IR_Run()
  13          {
  14   1      
  15   1        while(1)
  16   1        {
  17   2          if(IR_GetDataFlag())  //如果收到数据帧
  18   2          {
  19   3            Command=IR_GetCommand();    //获取遥控器命令码
  20   3              
  21   3            if(Command==IR_0){Speed=0;}   //根据遥控器命令码设置速度
  22   3            if(Command==IR_1){Speed=1;}
  23   3            if(Command==IR_2){Speed=2;}
  24   3            if(Command==IR_3){Speed=3;}
  25   3              
  26   3            if(Speed==0){Motor_SetSpeed(0);}  //速度输出
  27   3            if(Speed==1){Motor_SetSpeed(50);}
  28   3            if(Speed==2){Motor_SetSpeed(75);}
  29   3            if(Speed==3){Motor_SetSpeed(100);}
  30   3          }
  31   2          Nixie(1,Speed);           //数码管显示速度
  32   2        }
  33   1      }
  34          void Tem_Run()
  35          {
  36   1        DS18B20_ConvertT();   //上电先转换一次温度，防止第一次读数据错误
  37   1        Delay(1000);      //等待转换完成 
  38   1        LCD_Init();
  39   1        LCD_ShowString(1,1,"Temperature:");
  40   1        while(1)
  41   1        {
  42   2          TR1=0;
  43   2          DS18B20_ConvertT();   //上电先转换一次温度，防止第一次读数据错误
  44   2          Delay(1000);      //等待转换完成 
  45   2          T=DS18B20_ReadT();
  46   2          TR1=1;
  47   2          if(T<0)       //如果温度小于0
  48   2          {
  49   3            LCD_ShowChar(2,1,'-');  //显示负号
  50   3            T=-T;     //将温度变为正数
  51   3          }
  52   2          else        //如果温度大于等于0
  53   2          {
  54   3            LCD_ShowChar(2,1,'+');  //显示正号
C51 COMPILER V9.60.0.0   MAIN                                                              09/07/2022 14:40:20 PAGE 2   

  55   3          }
  56   2          LCD_ShowNum(2,2,T,3);   //显示温度整数部分
  57   2          LCD_ShowChar(2,5,'.');    //显示小数点
  58   2          LCD_ShowNum(2,6,(unsigned long)(T*10000)%10000,2);//显示温度小数部分
  59   2          if(T<26)
  60   2          {
  61   3            Motor_SetSpeed(30);
  62   3          }
  63   2          if(T>=26)
  64   2          {
  65   3            Motor_SetSpeed(80);
  66   3          }
  67   2        }
  68   1      }
  69          void main()
  70          {
  71   1        Motor_Init();
  72   1        IR_Init();
  73   1      
  74   1        while(1)
  75   1        {
  76   2        if(IR_GetDataFlag())
  77   2        { 
  78   3          Command=IR_GetCommand();
  79   3          if(Command==IR_5){Tem_Run();}
  80   3          if(Command==IR_4){IR_Run();}
  81   3        } 
  82   2        } 
  83   1      }
  84          


MODULE INFORMATION:   STATIC OVERLAYABLE
   CODE SIZE        =    376    ----
   CONSTANT SIZE    =     13    ----
   XDATA SIZE       =   ----    ----
   PDATA SIZE       =   ----    ----
   DATA SIZE        =      6    ----
   IDATA SIZE       =   ----    ----
   BIT SIZE         =   ----    ----
END OF MODULE INFORMATION.


C51 COMPILATION COMPLETE.  0 WARNING(S),  0 ERROR(S)
