C51 COMPILER V9.60.0.0   ONEWIRE                                                           09/04/2022 23:19:03 PAGE 1   


C51 COMPILER V9.60.0.0, COMPILATION OF MODULE ONEWIRE
OBJECT MODULE PLACED IN .\Objects\OneWire.obj
COMPILER INVOKED BY: D:\software\KEIL STC\C51\C51\BIN\C51.EXE OneWire.c OPTIMIZE(8,SPEED) BROWSE DEBUG OBJECTEXTEND PRIN
                    -T(.\Listings\OneWire.lst) TABS(2) OBJECT(.\Objects\OneWire.obj)

line level    source

   1          #include <REGX52.H>
   2          sbit OneWire_DQ=P3^7;
   3          /**
   4            * @brief  单总线初始化
   5            * @param  无
   6            * @retval 从机响应位，0为响应，1为未响应
   7            */
   8          unsigned char OneWire_Init(void)
   9          {
  10   1        unsigned char i;
  11   1        unsigned char AckBit;
  12   1        OneWire_DQ=1;
  13   1        OneWire_DQ=0;
  14   1        i = 247;while (--i);    //Delay 500us
  15   1        OneWire_DQ=1;
  16   1        i = 32;while (--i);     //Delay 70us
  17   1        AckBit=OneWire_DQ;
  18   1        i = 247;while (--i);    //Delay 500us
  19   1        return AckBit;
  20   1      }
  21          
  22          /**
  23            * @brief  单总线发送一位
  24            * @param  Bit 要发送的位
  25            * @retval 无
  26            */
  27          void OneWire_SendBit(unsigned char Bit)
  28          {
  29   1        unsigned char i;
  30   1        OneWire_DQ=0;
  31   1        i = 4;while (--i);      //Delay 10us
  32   1        OneWire_DQ=Bit;
  33   1        i = 24;while (--i);     //Delay 50us
  34   1        OneWire_DQ=1;
  35   1      }
  36          
  37          /**
  38            * @brief  单总线接收一位
  39            * @param  无
  40            * @retval 读取的位
  41            */
  42          unsigned char OneWire_ReceiveBit(void)
  43          {
  44   1        unsigned char i;
  45   1        unsigned char Bit;
  46   1        OneWire_DQ=0;
  47   1        i = 2;while (--i);      //Delay 5us
  48   1        OneWire_DQ=1;
  49   1        i = 2;while (--i);      //Delay 5us
  50   1        Bit=OneWire_DQ;
  51   1        i = 24;while (--i);     //Delay 50us
  52   1        return Bit;
  53   1      }
  54          
C51 COMPILER V9.60.0.0   ONEWIRE                                                           09/04/2022 23:19:03 PAGE 2   

  55          /**
  56            * @brief  单总线发送一个字节
  57            * @param  Byte 要发送的字节
  58            * @retval 无
  59            */
  60          void OneWire_SendByte(unsigned char Byte)
  61          {
  62   1        unsigned char i;
  63   1        for(i=0;i<8;i++)
  64   1        {
  65   2          OneWire_SendBit(Byte&(0x01<<i));
  66   2        }
  67   1      }
  68          
  69          /**
  70            * @brief  单总线接收一个字节
  71            * @param  无
  72            * @retval 接收的一个字节
  73            */
  74          unsigned char OneWire_ReceiveByte(void)
  75          {
  76   1        unsigned char i;
  77   1        unsigned char Byte=0x00;
  78   1        for(i=0;i<8;i++)
  79   1        {
  80   2          if(OneWire_ReceiveBit()){Byte|=(0x01<<i);}
  81   2        }
  82   1        return Byte;
  83   1      }
  84          


MODULE INFORMATION:   STATIC OVERLAYABLE
   CODE SIZE        =    140    ----
   CONSTANT SIZE    =   ----    ----
   XDATA SIZE       =   ----    ----
   PDATA SIZE       =   ----    ----
   DATA SIZE        =   ----    ----
   IDATA SIZE       =   ----    ----
   BIT SIZE         =   ----    ----
END OF MODULE INFORMATION.


C51 COMPILATION COMPLETE.  0 WARNING(S),  0 ERROR(S)
