C51 COMPILER V9.60.0.0   TIMER2                                                            09/07/2022 11:00:35 PAGE 1   


C51 COMPILER V9.60.0.0, COMPILATION OF MODULE TIMER2
OBJECT MODULE PLACED IN .\Objects\Timer2.obj
COMPILER INVOKED BY: D:\software\KEIL STC\C51\C51\BIN\C51.EXE Timer2.c OPTIMIZE(8,SPEED) BROWSE DEBUG OBJECTEXTEND PRINT
                    -(.\Listings\Timer2.lst) TABS(2) OBJECT(.\Objects\Timer2.obj)

line level    source

   1          #include <REGX52.H>
   2          void Timer2_Init(void)    //50毫秒@11.0592MHz
   3          {
   4   1        T2MOD = 0;    //初始化模式寄存器
   5   1        T2CON = 0;    //初始化控制寄存器
   6   1        TL2 = 0x00;   //设置定时初始值
   7   1        TH2 = 0x00;   //设置定时初始值
   8   1        RCAP2L = 0x00;    //设置定时重载值
   9   1        RCAP2H = 0x00;    //设置定时重载值
  10   1        TR2 = 1;    //定时器2开始计时
  11   1      }
  12          
  13          


MODULE INFORMATION:   STATIC OVERLAYABLE
   CODE SIZE        =     16    ----
   CONSTANT SIZE    =   ----    ----
   XDATA SIZE       =   ----    ----
   PDATA SIZE       =   ----    ----
   DATA SIZE        =   ----    ----
   IDATA SIZE       =   ----    ----
   BIT SIZE         =   ----    ----
END OF MODULE INFORMATION.


C51 COMPILATION COMPLETE.  0 WARNING(S),  0 ERROR(S)
