C51 COMPILER V9.60.0.0   TIMER3                                                            09/06/2022 21:29:32 PAGE 1   


C51 COMPILER V9.60.0.0, COMPILATION OF MODULE TIMER3
OBJECT MODULE PLACED IN .\Objects\Timer3.obj
COMPILER INVOKED BY: D:\software\KEIL STC\C51\C51\BIN\C51.EXE Timer3.c OPTIMIZE(8,SPEED) BROWSE DEBUG OBJECTEXTEND PRINT
                    -(.\Listings\Timer3.lst) TABS(2) OBJECT(.\Objects\Timer3.obj)

line level    source

   1          #include <REGX52.H>
   2          void Timer2_Init(void)
   3          {
   4   1        TMOD &= 0x0F;   //设置定时器模式
   5   1        TMOD |= 0x10;   //设置定时器模式
   6   1        TL2 = 0x00;   //设置定时初值
   7   1        TH2 = 0x28;   //设置定时初值
   8   1        TF2 = 0;    //清除TF1标志
   9   1        TR2 = 1;    //定时器1开始计时
  10   1        ET2=1;
  11   1        EA=1;
  12   1        PT2=1;
  13   1      }
  14          


MODULE INFORMATION:   STATIC OVERLAYABLE
   CODE SIZE        =     23    ----
   CONSTANT SIZE    =   ----    ----
   XDATA SIZE       =   ----    ----
   PDATA SIZE       =   ----    ----
   DATA SIZE        =   ----    ----
   IDATA SIZE       =   ----    ----
   BIT SIZE         =   ----    ----
END OF MODULE INFORMATION.


C51 COMPILATION COMPLETE.  0 WARNING(S),  0 ERROR(S)
